[06:35:28] [Client thread/INFO]: Setting user: KeimaSenpai
[06:35:28] [Client thread/INFO]: (Session ID is token::)
[06:35:30] [Client thread/WARN]: Skipping bad option: key_key.attack:key.mouse.left
[06:35:30] [Client thread/WARN]: Skipping bad option: key_key.use:key.mouse.right
[06:35:30] [Client thread/WARN]: Skipping bad option: key_key.forward:key.keyboard.w
[06:35:30] [Client thread/WARN]: Skipping bad option: key_key.left:key.keyboard.a
[06:35:30] [Client thread/WARN]: Skipping bad option: key_key.back:key.keyboard.s
[06:35:30] [Client thread/WARN]: Skipping bad option: key_key.right:key.keyboard.d
[06:35:30] [Client thread/WARN]: Skipping bad option: key_key.jump:key.keyboard.space
[06:35:30] [Client thread/WARN]: Skipping bad option: key_key.sneak:key.keyboard.left.shift
[06:35:30] [Client thread/WARN]: Skipping bad option: key_key.sprint:key.keyboard.left.control
[06:35:30] [Client thread/WARN]: Skipping bad option: key_key.drop:key.keyboard.q
[06:35:30] [Client thread/WARN]: Skipping bad option: key_key.inventory:key.keyboard.e
[06:35:30] [Client thread/WARN]: Skipping bad option: key_key.chat:key.keyboard.t
[06:35:30] [Client thread/WARN]: Skipping bad option: key_key.playerlist:key.keyboard.tab
[06:35:30] [Client thread/WARN]: Skipping bad option: key_key.pickItem:key.mouse.middle
[06:35:30] [Client thread/WARN]: Skipping bad option: key_key.command:key.keyboard.slash
[06:35:30] [Client thread/WARN]: Skipping bad option: key_key.screenshot:key.keyboard.f2
[06:35:30] [Client thread/WARN]: Skipping bad option: key_key.togglePerspective:key.keyboard.f5
[06:35:30] [Client thread/WARN]: Skipping bad option: key_key.smoothCamera:key.keyboard.unknown
[06:35:30] [Client thread/WARN]: Skipping bad option: key_key.fullscreen:key.keyboard.f11
[06:35:30] [Client thread/WARN]: Skipping bad option: key_key.spectatorOutlines:key.keyboard.unknown
[06:35:30] [Client thread/WARN]: Skipping bad option: key_key.hotbar.1:key.keyboard.1
[06:35:30] [Client thread/WARN]: Skipping bad option: key_key.hotbar.2:key.keyboard.2
[06:35:30] [Client thread/WARN]: Skipping bad option: key_key.hotbar.3:key.keyboard.3
[06:35:30] [Client thread/WARN]: Skipping bad option: key_key.hotbar.4:key.keyboard.4
[06:35:30] [Client thread/WARN]: Skipping bad option: key_key.hotbar.5:key.keyboard.5
[06:35:30] [Client thread/WARN]: Skipping bad option: key_key.hotbar.6:key.keyboard.6
[06:35:30] [Client thread/WARN]: Skipping bad option: key_key.hotbar.7:key.keyboard.7
[06:35:30] [Client thread/WARN]: Skipping bad option: key_key.hotbar.8:key.keyboard.8
[06:35:30] [Client thread/WARN]: Skipping bad option: key_key.hotbar.9:key.keyboard.9
[06:35:30] [Client thread/INFO]: LWJGL Version: 2.9.1
[06:35:32] [Client thread/INFO]: Reloading ResourceManager: Default
[06:35:32] [Sound Library Loader/INFO]: Starting up SoundSystem...
[06:35:33] [Thread-6/INFO]: Initializing LWJGL OpenAL
[06:35:33] [Thread-6/INFO]: (The LWJGL binding of OpenAL.  For more information, see http://www.lwjgl.org)
[06:35:33] [Thread-6/INFO]: OpenAL initialized.
[06:35:33] [Sound Library Loader/INFO]: Sound engine started
[06:35:36] [Client thread/INFO]: Created: 512x512 textures-atlas
[06:35:40] [Client thread/INFO]: Stopping!
[06:35:40] [Client thread/INFO]: SoundSystem shutting down...
[06:35:40] [Client thread/WARN]: Author: Paul Lamb, www.paulscode.com
